# JRE version: OpenJDK Runtime Environment (11.0.13+8) (build 11.0.13+8)
# Java VM: OpenJDK 64-Bit Server VM (11.0.13+8, mixed mode, tiered, compressed oops, g1 gc, linux-amd64)
Heap:
 garbage-first heap   total 99328K, used 73659K [0x00000000c4600000, 0x0000000100000000)
  region size 1024K, 48 young (49152K), 4 survivors (4096K)
 Metaspace       used 67800K, capacity 69803K, committed 69968K, reserved 1110016K
  class space    used 8892K, capacity 9698K, committed 9728K, reserved 1048576K
GC Heap History (20 events):
Event: 1.420 GC heap before
{Heap before GC invocations=8 (full 0):
 garbage-first heap   total 88064K, used 53454K [0x00000000c4600000, 0x0000000100000000)
  region size 1024K, 47 young (48128K), 4 survivors (4096K)
 Metaspace       used 25103K, capacity 25856K, committed 26160K, reserved 1073152K
  class space    used 3038K, capacity 3342K, committed 3456K, reserved 1048576K
}
Event: 1.431 GC heap after
{Heap after GC invocations=9 (full 0):
 garbage-first heap   total 88064K, used 11519K [0x00000000c4600000, 0x0000000100000000)
  region size 1024K, 5 young (5120K), 5 survivors (5120K)
 Metaspace       used 25103K, capacity 25856K, committed 26160K, reserved 1073152K
  class space    used 3038K, capacity 3342K, committed 3456K, reserved 1048576K
}
Event: 1.915 GC heap before
{Heap before GC invocations=9 (full 0):
 garbage-first heap   total 88064K, used 58623K [0x00000000c4600000, 0x0000000100000000)
  region size 1024K, 51 young (52224K), 5 survivors (5120K)
 Metaspace       used 29010K, capacity 29848K, committed 30000K, reserved 1075200K
  class space    used 3605K, capacity 3941K, committed 3968K, reserved 1048576K
}
Event: 1.934 GC heap after
{Heap after GC invocations=10 (full 0):
 garbage-first heap   total 88064K, used 13114K [0x00000000c4600000, 0x0000000100000000)
  region size 1024K, 5 young (5120K), 5 survivors (5120K)
 Metaspace       used 29010K, capacity 29848K, committed 30000K, reserved 1075200K
  class space    used 3605K, capacity 3941K, committed 3968K, reserved 1048576K
}
Event: 2.279 GC heap before
{Heap before GC invocations=10 (full 0):
 garbage-first heap   total 88064K, used 59194K [0x00000000c4600000, 0x0000000100000000)
  region size 1024K, 51 young (52224K), 5 survivors (5120K)
 Metaspace       used 33084K, capacity 34167K, committed 34480K, reserved 1079296K
  class space    used 4171K, capacity 4606K, committed 4608K, reserved 1048576K
}
Event: 2.338 GC heap after
{Heap after GC invocations=11 (full 0):
 garbage-first heap   total 150528K, used 15838K [0x00000000c4600000, 0x0000000100000000)
  region size 1024K, 6 young (6144K), 6 survivors (6144K)
 Metaspace       used 33084K, capacity 34167K, committed 34480K, reserved 1079296K
  class space    used 4171K, capacity 4606K, committed 4608K, reserved 1048576K
}
Event: 2.734 GC heap before
{Heap before GC invocations=11 (full 0):
 garbage-first heap   total 150528K, used 90590K [0x00000000c4600000, 0x0000000100000000)
  region size 1024K, 81 young (82944K), 6 survivors (6144K)
 Metaspace       used 34721K, capacity 35853K, committed 35920K, reserved 1081344K
  class space    used 4358K, capacity 4828K, committed 4864K, reserved 1048576K
}
Event: 2.743 GC heap after
{Heap after GC invocations=12 (full 0):
 garbage-first heap   total 150528K, used 16804K [0x00000000c4600000, 0x0000000100000000)
  region size 1024K, 7 young (7168K), 7 survivors (7168K)
 Metaspace       used 34721K, capacity 35853K, committed 35920K, reserved 1081344K
  class space    used 4358K, capacity 4828K, committed 4864K, reserved 1048576K
}
Event: 4.410 GC heap before
{Heap before GC invocations=13 (full 0):
 garbage-first heap   total 150528K, used 99748K [0x00000000c4600000, 0x0000000100000000)
  region size 1024K, 88 young (90112K), 7 survivors (7168K)
 Metaspace       used 48949K, capacity 50282K, committed 50640K, reserved 1093632K
  class space    used 6407K, capacity 6949K, committed 7040K, reserved 1048576K
}
Event: 4.444 GC heap after
{Heap after GC invocations=14 (full 0):
 garbage-first heap   total 150528K, used 20087K [0x00000000c4600000, 0x0000000100000000)
  region size 1024K, 9 young (9216K), 9 survivors (9216K)
 Metaspace       used 48949K, capacity 50282K, committed 50640K, reserved 1093632K
  class space    used 6407K, capacity 6949K, committed 7040K, reserved 1048576K
}
Event: 5.813 GC heap before
{Heap before GC invocations=14 (full 0):
 garbage-first heap   total 150528K, used 100983K [0x00000000c4600000, 0x0000000100000000)
  region size 1024K, 88 young (90112K), 9 survivors (9216K)
 Metaspace       used 55672K, capacity 57248K, committed 57552K, reserved 1099776K
  class space    used 7339K, capacity 7944K, committed 8064K, reserved 1048576K
}
Event: 5.835 GC heap after
{Heap after GC invocations=15 (full 0):
 garbage-first heap   total 150528K, used 23679K [0x00000000c4600000, 0x0000000100000000)
  region size 1024K, 9 young (9216K), 9 survivors (9216K)
 Metaspace       used 55672K, capacity 57248K, committed 57552K, reserved 1099776K
  class space    used 7339K, capacity 7944K, committed 8064K, reserved 1048576K
}
Event: 6.199 GC heap before
{Heap before GC invocations=15 (full 0):
 garbage-first heap   total 150528K, used 51327K [0x00000000c4600000, 0x0000000100000000)
  region size 1024K, 37 young (37888K), 9 survivors (9216K)
 Metaspace       used 58473K, capacity 60119K, committed 60240K, reserved 1101824K
  class space    used 7711K, capacity 8389K, committed 8448K, reserved 1048576K
}
Event: 6.213 GC heap after
{Heap after GC invocations=16 (full 0):
 garbage-first heap   total 301056K, used 26256K [0x00000000c4600000, 0x0000000100000000)
  region size 1024K, 6 young (6144K), 6 survivors (6144K)
 Metaspace       used 58473K, capacity 60119K, committed 60240K, reserved 1101824K
  class space    used 7711K, capacity 8389K, committed 8448K, reserved 1048576K
}
Event: 37.930 GC heap before
{Heap before GC invocations=17 (full 0):
 garbage-first heap   total 301056K, used 190096K [0x00000000c4600000, 0x0000000100000000)
  region size 1024K, 164 young (167936K), 6 survivors (6144K)
 Metaspace       used 65853K, capacity 67731K, committed 68176K, reserved 1107968K
  class space    used 8641K, capacity 9385K, committed 9472K, reserved 1048576K
}
Event: 37.986 GC heap after
{Heap after GC invocations=18 (full 0):
 garbage-first heap   total 301056K, used 30245K [0x00000000c4600000, 0x0000000100000000)
  region size 1024K, 10 young (10240K), 10 survivors (10240K)
 Metaspace       used 65853K, capacity 67731K, committed 68176K, reserved 1107968K
  class space    used 8641K, capacity 9385K, committed 9472K, reserved 1048576K
}
Event: 167.253 GC heap before
{Heap before GC invocations=18 (full 0):
 garbage-first heap   total 301056K, used 125477K [0x00000000c4600000, 0x0000000100000000)
  region size 1024K, 105 young (107520K), 10 survivors (10240K)
 Metaspace       used 67609K, capacity 69583K, committed 69712K, reserved 1110016K
  class space    used 8866K, capacity 9649K, committed 9728K, reserved 1048576K
}
Event: 167.505 GC heap after
{Heap after GC invocations=19 (full 1):
 garbage-first heap   total 99328K, used 27133K [0x00000000c4600000, 0x0000000100000000)
  region size 1024K, 0 young (0K), 0 survivors (0K)
 Metaspace       used 67596K, capacity 69562K, committed 69712K, reserved 1110016K
  class space    used 8864K, capacity 9645K, committed 9728K, reserved 1048576K
}
Event: 168.220 GC heap before
{Heap before GC invocations=19 (full 1):
 garbage-first heap   total 99328K, used 75261K [0x00000000c4600000, 0x0000000100000000)
  region size 1024K, 48 young (49152K), 0 survivors (0K)
 Metaspace       used 67777K, capacity 69779K, committed 69968K, reserved 1110016K
  class space    used 8889K, capacity 9694K, committed 9728K, reserved 1048576K
}
Event: 168.247 GC heap after
{Heap after GC invocations=20 (full 1):
 garbage-first heap   total 99328K, used 30651K [0x00000000c4600000, 0x0000000100000000)
  region size 1024K, 4 young (4096K), 4 survivors (4096K)
 Metaspace       used 67777K, capacity 69779K, committed 69968K, reserved 1110016K
  class space    used 8889K, capacity 9694K, committed 9728K, reserved 1048576K
}

