# JRE version: OpenJDK Runtime Environment (11.0.13+8) (build 11.0.13+8)
# Java VM: OpenJDK 64-Bit Server VM (11.0.13+8, mixed mode, tiered, compressed oops, g1 gc, linux-amd64)
Heap:
 garbage-first heap   total 112640K, used 52382K [0x00000000c4600000, 0x0000000100000000)
  region size 1024K, 8 young (8192K), 1 survivors (1024K)
 Metaspace       used 76249K, capacity 80154K, committed 80464K, reserved 1118208K
  class space    used 9416K, capacity 10781K, committed 10912K, reserved 1048576K
GC Heap History (20 events):
Event: 1252.686 GC heap after
{Heap after GC invocations=236 (full 30):
 garbage-first heap   total 112640K, used 41470K [0x00000000c4600000, 0x0000000100000000)
  region size 1024K, 6 young (6144K), 6 survivors (6144K)
 Metaspace       used 75851K, capacity 79696K, committed 80080K, reserved 1118208K
  class space    used 9384K, capacity 10737K, committed 10784K, reserved 1048576K
}
Event: 1252.743 GC heap before
{Heap before GC invocations=236 (full 30):
 garbage-first heap   total 112640K, used 82430K [0x00000000c4600000, 0x0000000100000000)
  region size 1024K, 46 young (47104K), 6 survivors (6144K)
 Metaspace       used 75851K, capacity 79696K, committed 80080K, reserved 1118208K
  class space    used 9384K, capacity 10737K, committed 10784K, reserved 1048576K
}
Event: 1252.765 GC heap after
{Heap after GC invocations=237 (full 30):
 garbage-first heap   total 112640K, used 44372K [0x00000000c4600000, 0x0000000100000000)
  region size 1024K, 6 young (6144K), 6 survivors (6144K)
 Metaspace       used 75851K, capacity 79696K, committed 80080K, reserved 1118208K
  class space    used 9384K, capacity 10737K, committed 10784K, reserved 1048576K
}
Event: 1270.170 GC heap before
{Heap before GC invocations=237 (full 30):
 garbage-first heap   total 112640K, used 82260K [0x00000000c4600000, 0x0000000100000000)
  region size 1024K, 44 young (45056K), 6 survivors (6144K)
 Metaspace       used 75905K, capacity 79766K, committed 80080K, reserved 1118208K
  class space    used 9387K, capacity 10738K, committed 10784K, reserved 1048576K
}
Event: 1270.187 GC heap after
{Heap after GC invocations=238 (full 30):
 garbage-first heap   total 112640K, used 39603K [0x00000000c4600000, 0x0000000100000000)
  region size 1024K, 2 young (2048K), 2 survivors (2048K)
 Metaspace       used 75905K, capacity 79766K, committed 80080K, reserved 1118208K
  class space    used 9387K, capacity 10738K, committed 10784K, reserved 1048576K
}
Event: 1324.838 GC heap before
{Heap before GC invocations=238 (full 30):
 garbage-first heap   total 112640K, used 82611K [0x00000000c4600000, 0x0000000100000000)
  region size 1024K, 44 young (45056K), 2 survivors (2048K)
 Metaspace       used 75905K, capacity 79766K, committed 80080K, reserved 1118208K
  class space    used 9387K, capacity 10738K, committed 10784K, reserved 1048576K
}
Event: 1324.865 GC heap after
{Heap after GC invocations=239 (full 30):
 garbage-first heap   total 112640K, used 39109K [0x00000000c4600000, 0x0000000100000000)
  region size 1024K, 1 young (1024K), 1 survivors (1024K)
 Metaspace       used 75905K, capacity 79766K, committed 80080K, reserved 1118208K
  class space    used 9387K, capacity 10738K, committed 10784K, reserved 1048576K
}
Event: 1332.367 GC heap before
{Heap before GC invocations=239 (full 30):
 garbage-first heap   total 112640K, used 46277K [0x00000000c4600000, 0x0000000100000000)
  region size 1024K, 9 young (9216K), 1 survivors (1024K)
 Metaspace       used 75907K, capacity 79772K, committed 80080K, reserved 1118208K
  class space    used 9388K, capacity 10740K, committed 10784K, reserved 1048576K
}
Event: 1332.748 GC heap after
{Heap after GC invocations=240 (full 31):
 garbage-first heap   total 112640K, used 32132K [0x00000000c4600000, 0x0000000100000000)
  region size 1024K, 0 young (0K), 0 survivors (0K)
 Metaspace       used 75905K, capacity 79766K, committed 80080K, reserved 1118208K
  class space    used 9387K, capacity 10738K, committed 10784K, reserved 1048576K
}
Event: 1333.272 GC heap before
{Heap before GC invocations=240 (full 31):
 garbage-first heap   total 112640K, used 81284K [0x00000000c4600000, 0x0000000100000000)
  region size 1024K, 49 young (50176K), 0 survivors (0K)
 Metaspace       used 76006K, capacity 79950K, committed 80208K, reserved 1118208K
  class space    used 9400K, capacity 10778K, committed 10912K, reserved 1048576K
}
Event: 1333.311 GC heap after
{Heap after GC invocations=241 (full 31):
 garbage-first heap   total 112640K, used 34673K [0x00000000c4600000, 0x0000000100000000)
  region size 1024K, 3 young (3072K), 3 survivors (3072K)
 Metaspace       used 76006K, capacity 79950K, committed 80208K, reserved 1118208K
  class space    used 9400K, capacity 10778K, committed 10912K, reserved 1048576K
}
Event: 1333.762 GC heap before
{Heap before GC invocations=241 (full 31):
 garbage-first heap   total 112640K, used 82801K [0x00000000c4600000, 0x0000000100000000)
  region size 1024K, 51 young (52224K), 3 survivors (3072K)
 Metaspace       used 76140K, capacity 80078K, committed 80464K, reserved 1118208K
  class space    used 9409K, capacity 10778K, committed 10912K, reserved 1048576K
}
Event: 1333.769 GC heap after
{Heap after GC invocations=242 (full 31):
 garbage-first heap   total 112640K, used 36331K [0x00000000c4600000, 0x0000000100000000)
  region size 1024K, 5 young (5120K), 5 survivors (5120K)
 Metaspace       used 76140K, capacity 80078K, committed 80464K, reserved 1118208K
  class space    used 9409K, capacity 10778K, committed 10912K, reserved 1048576K
}
Event: 1333.959 GC heap before
{Heap before GC invocations=242 (full 31):
 garbage-first heap   total 112640K, used 85483K [0x00000000c4600000, 0x0000000100000000)
  region size 1024K, 53 young (54272K), 5 survivors (5120K)
 Metaspace       used 76193K, capacity 80078K, committed 80464K, reserved 1118208K
  class space    used 9412K, capacity 10778K, committed 10912K, reserved 1048576K
}
Event: 1333.994 GC heap after
{Heap after GC invocations=243 (full 31):
 garbage-first heap   total 112640K, used 45359K [0x00000000c4600000, 0x0000000100000000)
  region size 1024K, 7 young (7168K), 7 survivors (7168K)
 Metaspace       used 76193K, capacity 80078K, committed 80464K, reserved 1118208K
  class space    used 9412K, capacity 10778K, committed 10912K, reserved 1048576K
}
Event: 1334.101 GC heap before
{Heap before GC invocations=243 (full 31):
 garbage-first heap   total 112640K, used 85295K [0x00000000c4600000, 0x0000000100000000)
  region size 1024K, 46 young (47104K), 7 survivors (7168K)
 Metaspace       used 76193K, capacity 80078K, committed 80464K, reserved 1118208K
  class space    used 9412K, capacity 10778K, committed 10912K, reserved 1048576K
}
Event: 1334.114 GC heap after
{Heap after GC invocations=244 (full 31):
 garbage-first heap   total 112640K, used 45875K [0x00000000c4600000, 0x0000000100000000)
  region size 1024K, 1 young (1024K), 1 survivors (1024K)
 Metaspace       used 76193K, capacity 80078K, committed 80464K, reserved 1118208K
  class space    used 9412K, capacity 10778K, committed 10912K, reserved 1048576K
}
Event: 1375.339 GC heap before
{Heap before GC invocations=244 (full 31):
 garbage-first heap   total 112640K, used 86835K [0x00000000c4600000, 0x0000000100000000)
  region size 1024K, 41 young (41984K), 1 survivors (1024K)
 Metaspace       used 76247K, capacity 80148K, committed 80464K, reserved 1118208K
  class space    used 9415K, capacity 10779K, committed 10912K, reserved 1048576K
}
Event: 1375.365 GC heap after
{Heap after GC invocations=245 (full 31):
 garbage-first heap   total 112640K, used 45762K [0x00000000c4600000, 0x0000000100000000)
  region size 1024K, 1 young (1024K), 1 survivors (1024K)
 Metaspace       used 76247K, capacity 80148K, committed 80464K, reserved 1118208K
  class space    used 9415K, capacity 10779K, committed 10912K, reserved 1048576K
}
Event: 1381.281 GC heap before
{Heap before GC invocations=245 (full 31):
 garbage-first heap   total 112640K, used 51906K [0x00000000c4600000, 0x0000000100000000)
  region size 1024K, 8 young (8192K), 1 survivors (1024K)
 Metaspace       used 76249K, capacity 80154K, committed 80464K, reserved 1118208K
  class space    used 9416K, capacity 10781K, committed 10912K, reserved 1048576K
}

